<?xml version="1.0" encoding="UTF-8"?>
<coverage generated="1774624574948" clover="3.2.0">
  <project timestamp="1774624574948" name="All files">
    <metrics statements="27" coveredstatements="26" conditionals="26" coveredconditionals="24" methods="9" coveredmethods="8" elements="62" coveredelements="58" complexity="0" loc="27" ncloc="27" packages="1" files="2" classes="2"/>
    <file name="AnalyticsWidget.jsx" path="L:\项目\ai-paper-tracker\frontend\src\components\AnalyticsWidget.jsx">
      <metrics statements="14" coveredstatements="14" conditionals="12" coveredconditionals="12" methods="4" coveredmethods="4"/>
      <line num="5" count="4" type="stmt"/>
      <line num="6" count="4" type="stmt"/>
      <line num="7" count="4" type="stmt"/>
      <line num="9" count="4" type="stmt"/>
      <line num="10" count="4" type="cond" truecount="6" falsecount="0"/>
      <line num="11" count="1" type="stmt"/>
      <line num="26" count="4" type="stmt"/>
      <line num="27" count="4" type="cond" truecount="2" falsecount="0"/>
      <line num="28" count="1" type="stmt"/>
      <line num="29" count="1" type="stmt"/>
      <line num="34" count="4" type="cond" truecount="2" falsecount="0"/>
      <line num="35" count="1" type="stmt"/>
      <line num="38" count="3" type="stmt"/>
      <line num="42" count="1" type="stmt"/>
    </file>
    <file name="I18nToggle.jsx" path="L:\项目\ai-paper-tracker\frontend\src\components\I18nToggle.jsx">
      <metrics statements="13" coveredstatements="12" conditionals="14" coveredconditionals="12" methods="5" coveredmethods="4"/>
      <line num="4" count="6" type="stmt"/>
      <line num="6" count="6" type="stmt"/>
      <line num="7" count="3" type="stmt"/>
      <line num="8" count="3" type="cond" truecount="2" falsecount="0"/>
      <line num="9" count="2" type="cond" truecount="1" falsecount="1"/>
      <line num="10" count="2" type="cond" truecount="1" falsecount="1"/>
      <line num="12" count="3" type="stmt"/>
      <line num="15" count="6" type="stmt"/>
      <line num="16" count="1" type="stmt"/>
      <line num="17" count="1" type="stmt"/>
      <line num="20" count="6" type="stmt"/>
      <line num="23" count="0" type="stmt"/>
      <line num="30" count="1" type="stmt"/>
    </file>
  </project>
</coverage>
