{"L:\\项目\\ai-paper-tracker\\frontend\\src\\components\\AnalyticsWidget.jsx": {"path":"L:\\项目\\ai-paper-tracker\\frontend\\src\\components\\AnalyticsWidget.jsx","statementMap":{"0":{"start":{"line":5,"column":19},"end":{"line":5,"column":47}},"1":{"start":{"line":6,"column":10},"end":{"line":6,"column":33}},"2":{"start":{"line":7,"column":10},"end":{"line":7,"column":34}},"3":{"start":{"line":9,"column":4},"end":{"line":32,"column":null}},"4":{"start":{"line":10,"column":8},"end":{"line":23,"column":null}},"5":{"start":{"line":11,"column":12},"end":{"line":23,"column":null}},"6":{"start":{"line":26,"column":8},"end":{"line":29,"column":null}},"7":{"start":{"line":27,"column":12},"end":{"line":29,"column":null}},"8":{"start":{"line":28,"column":16},"end":{"line":28,"column":null}},"9":{"start":{"line":29,"column":16},"end":{"line":29,"column":null}},"10":{"start":{"line":34,"column":4},"end":{"line":35,"column":null}},"11":{"start":{"line":35,"column":8},"end":{"line":35,"column":null}},"12":{"start":{"line":38,"column":4},"end":{"line":55,"column":null}},"13":{"start":{"line":42,"column":31},"end":{"line":42,"column":49}}},"fnMap":{"0":{"name":"AnalyticsWidget","decl":{"start":{"line":4,"column":16},"end":{"line":4,"column":32}},"loc":{"start":{"line":4,"column":61},"end":{"line":55,"column":null}},"line":4},"1":{"name":"(anonymous_1)","decl":{"start":{"line":9,"column":4},"end":{"line":9,"column":20}},"loc":{"start":{"line":9,"column":20},"end":{"line":32,"column":8}},"line":9},"2":{"name":"(anonymous_2)","decl":{"start":{"line":26,"column":8},"end":{"line":26,"column":21}},"loc":{"start":{"line":26,"column":21},"end":{"line":29,"column":null}},"line":26},"3":{"name":"(anonymous_3)","decl":{"start":{"line":42,"column":16},"end":{"line":42,"column":31}},"loc":{"start":{"line":42,"column":31},"end":{"line":42,"column":49}},"line":42}},"branchMap":{"0":{"loc":{"start":{"line":10,"column":8},"end":{"line":23,"column":null}},"type":"if","locations":[{"start":{"line":10,"column":8},"end":{"line":23,"column":null}},{"start":{},"end":{}}],"line":10},"1":{"loc":{"start":{"line":10,"column":12},"end":{"line":10,"column":75}},"type":"binary-expr","locations":[{"start":{"line":10,"column":12},"end":{"line":10,"column":22}},{"start":{"line":10,"column":22},"end":{"line":10,"column":35}},{"start":{"line":10,"column":35},"end":{"line":10,"column":56}},{"start":{"line":10,"column":56},"end":{"line":10,"column":75}}],"line":10},"2":{"loc":{"start":{"line":27,"column":12},"end":{"line":29,"column":null}},"type":"if","locations":[{"start":{"line":27,"column":12},"end":{"line":29,"column":null}},{"start":{},"end":{}}],"line":27},"3":{"loc":{"start":{"line":34,"column":4},"end":{"line":35,"column":null}},"type":"if","locations":[{"start":{"line":34,"column":4},"end":{"line":35,"column":null}},{"start":{},"end":{}}],"line":34},"4":{"loc":{"start":{"line":50,"column":27},"end":{"line":50,"column":null}},"type":"cond-expr","locations":[{"start":{"line":50,"column":36},"end":{"line":50,"column":50}},{"start":{"line":50,"column":50},"end":{"line":50,"column":null}}],"line":50}},"s":{"0":4,"1":4,"2":4,"3":4,"4":4,"5":1,"6":4,"7":4,"8":1,"9":1,"10":4,"11":1,"12":3,"13":1},"f":{"0":4,"1":4,"2":4,"3":1},"b":{"0":[1,3],"1":[4,1,1,1],"2":[1,3],"3":[1,3],"4":[1,2]},"meta":{"lastBranch":5,"lastFunction":4,"lastStatement":14,"seen":{"f:4:16:4:32":0,"s:5:19:5:47":0,"s:6:10:6:33":1,"s:7:10:7:34":2,"s:9:4:32:Infinity":3,"f:9:4:9:20":1,"b:10:8:23:Infinity:undefined:undefined:undefined:undefined":0,"s:10:8:23:Infinity":4,"b:10:12:10:22:10:22:10:35:10:35:10:56:10:56:10:75":1,"s:11:12:23:Infinity":5,"s:26:8:29:Infinity":6,"f:26:8:26:21":2,"b:27:12:29:Infinity:undefined:undefined:undefined:undefined":2,"s:27:12:29:Infinity":7,"s:28:16:28:Infinity":8,"s:29:16:29:Infinity":9,"b:34:4:35:Infinity:undefined:undefined:undefined:undefined":3,"s:34:4:35:Infinity":10,"s:35:8:35:Infinity":11,"s:38:4:55:Infinity":12,"f:42:16:42:31":3,"s:42:31:42:49":13,"b:50:36:50:50:50:50:50:Infinity":4}}}
,"L:\\项目\\ai-paper-tracker\\frontend\\src\\components\\I18nToggle.jsx": {"path":"L:\\项目\\ai-paper-tracker\\frontend\\src\\components\\I18nToggle.jsx","statementMap":{"0":{"start":{"line":4,"column":17},"end":{"line":4,"column":42}},"1":{"start":{"line":6,"column":4},"end":{"line":13,"column":null}},"2":{"start":{"line":7,"column":24},"end":{"line":7,"column":57}},"3":{"start":{"line":8,"column":8},"end":{"line":10,"column":null}},"4":{"start":{"line":9,"column":32},"end":{"line":9,"column":null}},"5":{"start":{"line":10,"column":12},"end":{"line":10,"column":null}},"6":{"start":{"line":12,"column":8},"end":{"line":12,"column":null}},"7":{"start":{"line":15,"column":10},"end":{"line":17,"column":null}},"8":{"start":{"line":16,"column":8},"end":{"line":16,"column":null}},"9":{"start":{"line":17,"column":8},"end":{"line":17,"column":null}},"10":{"start":{"line":20,"column":4},"end":{"line":35,"column":null}},"11":{"start":{"line":23,"column":31},"end":{"line":23,"column":51}},"12":{"start":{"line":30,"column":31},"end":{"line":30,"column":51}}},"fnMap":{"0":{"name":"I18nToggle","decl":{"start":{"line":3,"column":16},"end":{"line":3,"column":29}},"loc":{"start":{"line":3,"column":29},"end":{"line":35,"column":null}},"line":3},"1":{"name":"(anonymous_1)","decl":{"start":{"line":6,"column":4},"end":{"line":6,"column":20}},"loc":{"start":{"line":6,"column":20},"end":{"line":13,"column":9}},"line":6},"2":{"name":"(anonymous_2)","decl":{"start":{"line":15,"column":10},"end":{"line":15,"column":28}},"loc":{"start":{"line":15,"column":40},"end":{"line":17,"column":null}},"line":15},"3":{"name":"(anonymous_3)","decl":{"start":{"line":23,"column":16},"end":{"line":23,"column":31}},"loc":{"start":{"line":23,"column":31},"end":{"line":23,"column":51}},"line":23},"4":{"name":"(anonymous_4)","decl":{"start":{"line":30,"column":16},"end":{"line":30,"column":31}},"loc":{"start":{"line":30,"column":31},"end":{"line":30,"column":51}},"line":30}},"branchMap":{"0":{"loc":{"start":{"line":8,"column":8},"end":{"line":10,"column":null}},"type":"if","locations":[{"start":{"line":8,"column":8},"end":{"line":10,"column":null}},{"start":{},"end":{}}],"line":8},"1":{"loc":{"start":{"line":9,"column":32},"end":{"line":9,"column":null}},"type":"binary-expr","locations":[{"start":{"line":9,"column":32},"end":{"line":9,"column":54}},{"start":{"line":9,"column":54},"end":{"line":9,"column":null}}],"line":9},"2":{"loc":{"start":{"line":10,"column":24},"end":{"line":10,"column":null}},"type":"cond-expr","locations":[{"start":{"line":10,"column":67},"end":{"line":10,"column":74}},{"start":{"line":10,"column":74},"end":{"line":10,"column":null}}],"line":10},"3":{"loc":{"start":{"line":24,"column":29},"end":{"line":24,"column":null}},"type":"cond-expr","locations":[{"start":{"line":24,"column":45},"end":{"line":24,"column":54}},{"start":{"line":24,"column":54},"end":{"line":24,"column":null}}],"line":24},"4":{"loc":{"start":{"line":25,"column":73},"end":{"line":25,"column":null}},"type":"cond-expr","locations":[{"start":{"line":25,"column":89},"end":{"line":25,"column":149}},{"start":{"line":25,"column":149},"end":{"line":25,"column":null}}],"line":25},"5":{"loc":{"start":{"line":31,"column":29},"end":{"line":31,"column":null}},"type":"cond-expr","locations":[{"start":{"line":31,"column":45},"end":{"line":31,"column":54}},{"start":{"line":31,"column":54},"end":{"line":31,"column":null}}],"line":31},"6":{"loc":{"start":{"line":32,"column":73},"end":{"line":32,"column":null}},"type":"cond-expr","locations":[{"start":{"line":32,"column":89},"end":{"line":32,"column":149}},{"start":{"line":32,"column":149},"end":{"line":32,"column":null}}],"line":32}},"s":{"0":6,"1":6,"2":3,"3":3,"4":2,"5":2,"6":3,"7":6,"8":1,"9":1,"10":6,"11":0,"12":1},"f":{"0":6,"1":3,"2":1,"3":0,"4":1},"b":{"0":[2,1],"1":[2,0],"2":[0,2],"3":[3,3],"4":[3,3],"5":[3,3],"6":[3,3]},"meta":{"lastBranch":7,"lastFunction":5,"lastStatement":13,"seen":{"f:3:16:3:29":0,"s:4:17:4:42":0,"s:6:4:13:Infinity":1,"f:6:4:6:20":1,"s:7:24:7:57":2,"b:8:8:10:Infinity:undefined:undefined:undefined:undefined":0,"s:8:8:10:Infinity":3,"s:9:32:9:Infinity":4,"b:9:32:9:54:9:54:9:Infinity":1,"s:10:12:10:Infinity":5,"b:10:67:10:74:10:74:10:Infinity":2,"s:12:8:12:Infinity":6,"s:15:10:17:Infinity":7,"f:15:10:15:28":2,"s:16:8:16:Infinity":8,"s:17:8:17:Infinity":9,"s:20:4:35:Infinity":10,"f:23:16:23:31":3,"s:23:31:23:51":11,"b:24:45:24:54:24:54:24:Infinity":3,"b:25:89:25:149:25:149:25:Infinity":4,"f:30:16:30:31":4,"s:30:31:30:51":12,"b:31:45:31:54:31:54:31:Infinity":5,"b:32:89:32:149:32:149:32:Infinity":6}}}
}
